[STDOUT] ~ LOG STARTED ~
[STDOUT][loader][info] launcher&exception hook v.0
[STDOUT][loader][info] win release 10
[STDOUT] - ~ * PROGRAM * ~ - 
[STDOUT][msgr.py]MSGR QW BY BEBRA TECH (C) 2023 - 2025
[STDOUT][msgr.py][info] init window and vars
[STDOUT][btaeui.py][win MSGR QW - Loading] creating widget load_lbl
[STDOUT][win MSGR QW - Loading][load_lbl] {'text': 'Loading...', 'bg': 'black', 'fg': 'white', 'font': ('Consolas', 9), 'justify': 'left'} <class 'data.btaeui.Label'>
[STDOUT][btaeui.py][advlog][load_lbl] IS DESTROY : False CALLED build
[STDOUT][btaeui.py][load_lbl] build place {'x': 0, 'y': 0} {'widgetName': 'label', 'master': <data.btaeui.Win object .>, 'tk': <_tkinter.tkapp object at 0x000001D12C99F1B0>, '_name': '!label', '_w': '.!label', 'children': {}, '_tclCommands': []}
[STDOUT][btaeui.py][win MSGR QW - Loading] creating widget loading_pb
[STDOUT][win MSGR QW - Loading][loading_pb] {'len_to_count': 11, 'bg': 'black', 'fg': 'white', 'font': ('Consolas', 9)} <class 'data.btaeui.ProgressBar'>
[STDOUT][btaeui.py][advlog][loading_pb] IS DESTROY : False CALLED build
[STDOUT][btaeui.py][loading_pb] build place {'x': 450, 'y': 490, 'anchor': 'center'} {'widgetName': 'label', 'master': <data.btaeui.Win object .>, 'tk': <_tkinter.tkapp object at 0x000001D12C99F1B0>, '_name': '!progressbar', '_w': '.!progressbar', 'children': {}, '_tclCommands': [], 'percentage': 0, '_ltc': 11, '_progress': '....................................................................................................'}
[STDOUT][msgr.py][info] created loading screen
[STDOUT][btaeui.py][win MSGR QW - Loading] creating widget exit_button
[STDOUT][win MSGR QW - Loading][exit_button] {'text': 'Exit', 'bg': 'black', 'fg': 'white', 'font': ('Consolas', 9), 'command': <built-in function exit>} <class 'data.btaeui.Button'>
[STDOUT][btaeui.py][advlog][exit_button] IS DESTROY : False CALLED build
[STDOUT][btaeui.py][exit_button] build place {'x': 850, 'y': 450} {'widgetName': 'button', 'master': <data.btaeui.Win object .>, 'tk': <_tkinter.tkapp object at 0x000001D12C99F1B0>, '_name': '!button', '_w': '.!button', 'children': {}, '_tclCommands': ['1997818636480safe_command']}
[STDOUT][btaeui.py][win MSGR QW - Loading] creating widget action_load
[STDOUT][win MSGR QW - Loading][action_load] {'text': 'No action', 'bg': 'black', 'fg': 'white', 'font': ('Consolas', 9)} <class 'data.btaeui.Button'>
[STDOUT][btaeui.py][advlog][action_load] IS DESTROY : False CALLED build
[STDOUT][btaeui.py][action_load] build place {'x': 10, 'y': 450} {'widgetName': 'button', 'master': <data.btaeui.Win object .>, 'tk': <_tkinter.tkapp object at 0x000001D12C99F1B0>, '_name': '!button2', '_w': '.!button2', 'children': {}, '_tclCommands': []}
[STDOUT][msgr.py][info] created loading_screen buttons
[STDOUT][msgr.py][info] inited vars and ui-elements
[STDOUT][msgr.py][info] loading data.nc
[STDOUT][msgr.py][info] loaded
[STDOUT][msgr.py][info] setting SCREEN_SETTINGS
[STDOUT][msgr.py][info] loading locale
[STDOUT][msgr.py][info] locale_fl locale/ru/locale.cfg
[STDOUT][msgr.py][info] language ru
[STDOUT][msgr.py][info] init theme
[STDOUT][msgr.py][info] loading theme hh
[STDOUT][side nastroyki] IMPORTANT !!!!!!!!!!!!!!!!!!!!!!!!!!!!!!!!!!!!!!!!!!!!!!!!!!!!!!!!!!!!!!!!!!!! -> font!!! :('Consolas', '9') style ['#909090', '#FFFFFF', 'Consolas:9']
[STDOUT][btaeui.py][side nastroyki] p recreating loaded
[STDOUT][btaeui.py][advlog][load_lbl] IS DESTROY : False CALLED configure
[STDOUT][btaeui.py][advlog][exit_button] IS DESTROY : False CALLED configure
[STDOUT][btaeui.py][advlog][action_load] IS DESTROY : False CALLED configure
[STDOUT][msgr.py][info] setup theme for loading screen
[STDOUT][msgr.py][info] init data.nc variables
[STDOUT][msgr.py][info] upa completed
[STDOUT][msgr.py][info] servers selected
[STDOUT][msgr.py][info] login completed
[STDOUT][msgr.py][info] connecting to servers
[STDOUT][msgr.py][info] connecting to account server
[STDOUT][btaeui.py][advlog][action_load] IS DESTROY : False CALLED configure
[STDOUT][msgr.py][error] Not connected to BebraTech Authentication Server: Server on 127.0.0.1:1212 not found. program loading stopped
